 
.text
main:
    addi $sp, $sp, -4
    sw   $fp, 0($sp)
    move $fp, $sp
    addi $sp, $sp, -56
    addi $sp, $sp, -4
    sw   $ra, 0($sp)
    li $t1, 0
    sw $t1, -20($fp)
    li $t1, 2
    sw $t1, -8($fp)
    li $t1, 3
    sw $t1, -12($fp)
    li $t1, 6
    sw $t1, -16($fp)
    li $t1, 0
    sw $t1, -52($fp)
    li $v0, 5
    syscall
    move $t0, $v0
    sw $t0, -24($fp)
    lw $t0, -24($fp)
    li $t1, 1
    bgt $t0, $t1, main_label0
    li $t1, 0
    sw $t1, -28($fp)
    lw $t1, -28($fp)
    sw $t1, -4($fp)
    j main_print
main_label0:
    lw $t0, -24($fp)
    li $t1, 3
    bgt $t0, $t1, main_label1
    li $t1, 1
    sw $t1, -28($fp)
    lw $t1, -28($fp)
    sw $t1, -4($fp)
    j main_print
main_label1:
    lw $a0, -24($fp)
    lw $a1, -8($fp)
    addi $sp, $sp, -0
    jal divisible
    move $t0, $v0
    sw $t0, -36($fp)
    addi $sp, $sp, 0
    lw $t1, -52($fp)
    sw $t1, -28($fp)
    lw $t1, -28($fp)
    sw $t1, -4($fp)
    lw $t0, -36($fp)
    li $t1, 1
    beq $t0, $t1, main_label2
    lw $a0, -24($fp)
    lw $a1, -12($fp)
    addi $sp, $sp, -0
    jal divisible
    move $t0, $v0
    sw $t0, -36($fp)
    addi $sp, $sp, 0
    lw $t1, -52($fp)
    sw $t1, -28($fp)
    lw $t1, -28($fp)
    sw $t1, -4($fp)
    lw $t0, -36($fp)
    li $t1, 1
    beq $t0, $t1, main_label2
    j main_label3
main_label2:
    j main_print
main_label3:
    li $t1, 5
    sw $t1, -20($fp)
main_loop:
    lw $t1, -20($fp)
    lw $t2, -20($fp)
    mul $t0, $t1, $t2
    sw $t0, -32($fp)
    lw $t0, -32($fp)
    lw $t1, -24($fp)
    bgt $t0, $t1, main_exit
    lw $a0, -24($fp)
    lw $a1, -20($fp)
    addi $sp, $sp, -0
    jal divisible
    move $t0, $v0
    sw $t0, -36($fp)
    addi $sp, $sp, 0
    lw $t1, -52($fp)
    sw $t1, -28($fp)
    li $t1, 0
    sw $t1, -44($fp)
    li $t1, 0
    sw $t1, -56($fp)
    lw $t1, -28($fp)
    sw $t1, -4($fp)
    lw $t0, -36($fp)
    li $t1, 1
    beq $t0, $t1, main_label2
    lw $t1, -20($fp)
    li $t2, 2
    add $t0, $t1, $t2
    sw $t0, -40($fp)
    lw $a0, -24($fp)
    lw $a1, -40($fp)
    addi $sp, $sp, -0
    jal divisible
    move $t0, $v0
    sw $t0, -36($fp)
    addi $sp, $sp, 0
    lw $t1, -52($fp)
    sw $t1, -28($fp)
    lw $t1, -28($fp)
    sw $t1, -4($fp)
    lw $t0, -36($fp)
    li $t1, 1
    beq $t0, $t1, main_label2
    lw $t1, -20($fp)
    li $t2, 6
    add $t0, $t1, $t2
    sw $t0, -20($fp)
    j main_loop
main_exit:
    lw $t1, -44($fp)
    sw $t1, -48($fp)
    lw $t1, -56($fp)
    sw $t1, -28($fp)
    li $t1, 1
    sw $t1, -28($fp)
    lw $t1, -28($fp)
    sw $t1, -4($fp)
main_print:
    lw $a0, -4($fp)
    li $v0, 1
    syscall
    li $a0, 10
    li $v0, 11
    syscall
    lw   $ra, 0($sp)
    addi $sp, $sp, 4
    addi $sp, $sp, 56
    lw   $fp, 0($sp)
    addi $sp, $sp, 4
    li $v0, 10
    syscall

divisible:
    addi $sp, $sp, -4
    sw   $fp, 0($sp)
    move $fp, $sp
    sw $a0, -4($fp)
    sw $a1, -8($fp)
    addi $sp, $sp, -12
    addi $sp, $sp, -4
    sw   $ra, 0($sp)
    lw $t1, -4($fp)
    lw $t2, -8($fp)
    div $t0, $t1, $t2
    sw $t0, -12($fp)
    lw $t1, -12($fp)
    lw $t2, -8($fp)
    mul $t0, $t1, $t2
    sw $t0, -12($fp)
    lw $t0, -4($fp)
    lw $t1, -12($fp)
    bne $t0, $t1, divisible_label0
    jr $ra
divisible_label0:
    jr $ra
    lw   $ra, 0($sp)
    addi $sp, $sp, 4
    addi $sp, $sp, 12
    lw   $fp, 0($sp)
    addi $sp, $sp, 4
    jr $ra

